<?xml version="1.0" encoding="UTF-8" ?>
<testsuite errors="0" failures="0" hostname="Hardik-PC" name="Testing" tests="2" time="49.511" timestamp="2014-09-08T11:23:13">
  <properties>
[...]
</properties>
  <testcase classname="Testing" name="Yahoo" time="26.635" />
  <testcase classname="Testing" name="Google" time="22.677" />
  <system-out><![CDATA[Yahoo India
Google
]]></system-out>
  <system-err><![CDATA[log4j:WARN No appenders could be found for logger (org.apache.http.impl.conn.tsccm.ThreadSafeClientConnManager).
log4j:WARN Please initialize the log4j system properly.
log4j:WARN See http://logging.apache.org/log4j/1.2/faq.html#noconfig for more info.
]]></system-err>
</testsuite>
